Naive Bayes's Accuracy is: 0.990909090909091
              precision    recall  f1-score   support

       apple       1.00      1.00      1.00        13
      banana       1.00      1.00      1.00        17
   blackgram       1.00      1.00      1.00        16
    chickpea       1.00      1.00      1.00        21
     coconut       1.00      1.00      1.00        21
      coffee       1.00      1.00      1.00        22
      cotton       1.00      1.00      1.00        20
      grapes       1.00      1.00      1.00        18
        jute       0.88      1.00      0.93        28
 kidneybeans       1.00      1.00      1.00        14
      lentil       1.00      1.00      1.00        23
       maize       1.00      1.00      1.00        21
       mango       1.00      1.00      1.00        26
   mothbeans       1.00      1.00      1.00        19
    mungbean       1.00      1.00      1.00        24
   muskmelon       1.00      1.00      1.00        23
      orange       1.00      1.00      1.00        29
      papaya       1.00      1.00      1.00        19
  pigeonpeas       1.00      1.00      1.00        18
 pomegranate       1.00      1.00      1.00        17
        rice       1.00      0.75      0.86        16
  watermelon       1.00      1.00      1.00        15

    accuracy                           0.99       440
   macro avg       0.99      0.99      0.99       440
weighted avg       0.99      0.99      0.99       440


Decision Tree's Accuracy is :0.9
              precision    recall  f1-score   support

       apple       1.00      1.00      1.00        13
      banana       1.00      1.00      1.00        17
   blackgram       0.59      1.00      0.74        16
    chickpea       1.00      1.00      1.00        21
     coconut       0.91      1.00      0.95        21
      coffee       1.00      1.00      1.00        22
      cotton       1.00      1.00      1.00        20
      grapes       1.00      1.00      1.00        18
        jute       0.74      0.93      0.83        28
 kidneybeans       0.00      0.00      0.00        14
      lentil       0.68      1.00      0.81        23
       maize       1.00      1.00      1.00        21
       mango       1.00      1.00      1.00        26
   mothbeans       0.00      0.00      0.00        19
    mungbean       1.00      1.00      1.00        24
   muskmelon       1.00      1.00      1.00        23
      orange       1.00      1.00      1.00        29
      papaya       1.00      0.84      0.91        19
  pigeonpeas       0.62      1.00      0.77        18
 pomegranate       1.00      1.00      1.00        17
        rice       1.00      0.62      0.77        16
  watermelon       1.00      1.00      1.00        15

    accuracy                           0.90       440
   macro avg       0.84      0.88      0.85       440
weighted avg       0.86      0.90      0.87       440


SVM's Accuracy is :0.9795454545454545
              precision    recall  f1-score   support

       apple       1.00      1.00      1.00        13
      banana       1.00      1.00      1.00        17
   blackgram       1.00      1.00      1.00        16
    chickpea       1.00      1.00      1.00        21
     coconut       1.00      1.00      1.00        21
      coffee       1.00      0.95      0.98        22
      cotton       0.95      1.00      0.98        20
      grapes       1.00      1.00      1.00        18
        jute       0.83      0.89      0.86        28
 kidneybeans       1.00      1.00      1.00        14
      lentil       1.00      1.00      1.00        23
       maize       1.00      0.95      0.98        21
       mango       1.00      1.00      1.00        26
   mothbeans       1.00      1.00      1.00        19
    mungbean       1.00      1.00      1.00        24
   muskmelon       1.00      1.00      1.00        23
      orange       1.00      1.00      1.00        29
      papaya       1.00      1.00      1.00        19
  pigeonpeas       1.00      1.00      1.00        18
 pomegranate       1.00      1.00      1.00        17
        rice       0.80      0.75      0.77        16
  watermelon       1.00      1.00      1.00        15

    accuracy                           0.98       440
   macro avg       0.98      0.98      0.98       440
weighted avg       0.98      0.98      0.98       440


Logistic Regression's Accuracy is :0.9522727272727273
              precision    recall  f1-score   support

       apple       1.00      1.00      1.00        13
      banana       1.00      1.00      1.00        17
   blackgram       0.86      0.75      0.80        16
    chickpea       1.00      1.00      1.00        21
     coconut       1.00      1.00      1.00        21
      coffee       1.00      1.00      1.00        22
      cotton       0.86      0.90      0.88        20
      grapes       1.00      1.00      1.00        18
        jute       0.84      0.93      0.88        28
 kidneybeans       1.00      1.00      1.00        14
      lentil       0.88      1.00      0.94        23
       maize       0.90      0.86      0.88        21
       mango       0.96      1.00      0.98        26
   mothbeans       0.84      0.84      0.84        19
    mungbean       1.00      0.96      0.98        24
   muskmelon       1.00      1.00      1.00        23
      orange       1.00      1.00      1.00        29
      papaya       1.00      0.95      0.97        19
  pigeonpeas       1.00      1.00      1.00        18
 pomegranate       1.00      1.00      1.00        17
        rice       0.85      0.69      0.76        16
  watermelon       1.00      1.00      1.00        15

    accuracy                           0.95       440
   macro avg       0.95      0.95      0.95       440
weighted avg       0.95      0.95      0.95       440


Random Forest Classifier's Accuracy is :0.990909090909091
              precision    recall  f1-score   support

       apple       1.00      1.00      1.00        13
      banana       1.00      1.00      1.00        17
   blackgram       0.94      1.00      0.97        16
    chickpea       1.00      1.00      1.00        21
     coconut       1.00      1.00      1.00        21
      coffee       1.00      1.00      1.00        22
      cotton       1.00      1.00      1.00        20
      grapes       1.00      1.00      1.00        18
        jute       0.90      1.00      0.95        28
 kidneybeans       1.00      1.00      1.00        14
      lentil       1.00      1.00      1.00        23
       maize       1.00      1.00      1.00        21
       mango       1.00      1.00      1.00        26
   mothbeans       1.00      0.95      0.97        19
    mungbean       1.00      1.00      1.00        24
   muskmelon       1.00      1.00      1.00        23
      orange       1.00      1.00      1.00        29
      papaya       1.00      1.00      1.00        19
  pigeonpeas       1.00      1.00      1.00        18
 pomegranate       1.00      1.00      1.00        17
        rice       1.00      0.81      0.90        16
  watermelon       1.00      1.00      1.00        15

    accuracy                           0.99       440
   macro avg       0.99      0.99      0.99       440
weighted avg       0.99      0.99      0.99       440


CROP RECOMMENDATION DONE



Fertilizer Recommendation Started
Decision Tree Accuracy is: 0.85              precision    recall  f1-score   support

    10-26-26       0.00      0.00      0.00         3
    14-35-14       0.40      1.00      0.57         2
    17-17-17       1.00      1.00      1.00         1
       20-20       1.00      1.00      1.00         4
       28-28       1.00      1.00      1.00         3
         DAP       1.00      1.00      1.00         2
        Urea       1.00      1.00      1.00         5

    accuracy                           0.85        20
   macro avg       0.77      0.86      0.80        20
weighted avg       0.79      0.85      0.81        20


Naive Bayes's Accuracy is: 0.85              precision    recall  f1-score   support

    10-26-26       0.00      0.00      0.00         3
    14-35-14       1.00      1.00      1.00         2
    17-17-17       0.25      1.00      0.40         1
       20-20       1.00      1.00      1.00         4
       28-28       1.00      1.00      1.00         3
         DAP       1.00      1.00      1.00         2
        Urea       1.00      1.00      1.00         5

    accuracy                           0.85        20
   macro avg       0.75      0.86      0.77        20
weighted avg       0.81      0.85      0.82        20


SVM Accuracy is: 0.4              precision    recall  f1-score   support

    10-26-26       0.00      0.00      0.00         3
    14-35-14       0.00      0.00      0.00         2
    17-17-17       0.00      0.00      0.00         1
       20-20       0.00      0.00      0.00         4
       28-28       1.00      0.33      0.50         3
         DAP       1.00      1.00      1.00         2
        Urea       0.29      1.00      0.45         5

    accuracy                           0.40        20
   macro avg       0.33      0.33      0.28        20
weighted avg       0.32      0.40      0.29        20


Logistic Regression Accuracy is: 1.0              precision    recall  f1-score   support

    10-26-26       1.00      1.00      1.00         3
    14-35-14       1.00      1.00      1.00         2
    17-17-17       1.00      1.00      1.00         1
       20-20       1.00      1.00      1.00         4
       28-28       1.00      1.00      1.00         3
         DAP       1.00      1.00      1.00         2
        Urea       1.00      1.00      1.00         5

    accuracy                           1.00        20
   macro avg       1.00      1.00      1.00        20
weighted avg       1.00      1.00      1.00        20


Random Forest Classifier Accuracy is: 0.9              precision    recall  f1-score   support

    10-26-26       1.00      0.33      0.50         3
    14-35-14       0.67      1.00      0.80         2
    17-17-17       0.50      1.00      0.67         1
       20-20       1.00      1.00      1.00         4
       28-28       1.00      1.00      1.00         3
         DAP       1.00      1.00      1.00         2
        Urea       1.00      1.00      1.00         5

    accuracy                           0.90        20
   macro avg       0.88      0.90      0.85        20
weighted avg       0.94      0.90      0.89        20


Fertilizer prediction Ended



Naive Bayes's Accuracy is: 0.990909090909091
              precision    recall  f1-score   support

       apple       1.00      1.00      1.00        13
      banana       1.00      1.00      1.00        17
   blackgram       1.00      1.00      1.00        16
    chickpea       1.00      1.00      1.00        21
     coconut       1.00      1.00      1.00        21
      coffee       1.00      1.00      1.00        22
      cotton       1.00      1.00      1.00        20
      grapes       1.00      1.00      1.00        18
        jute       0.88      1.00      0.93        28
 kidneybeans       1.00      1.00      1.00        14
      lentil       1.00      1.00      1.00        23
       maize       1.00      1.00      1.00        21
       mango       1.00      1.00      1.00        26
   mothbeans       1.00      1.00      1.00        19
    mungbean       1.00      1.00      1.00        24
   muskmelon       1.00      1.00      1.00        23
      orange       1.00      1.00      1.00        29
      papaya       1.00      1.00      1.00        19
  pigeonpeas       1.00      1.00      1.00        18
 pomegranate       1.00      1.00      1.00        17
        rice       1.00      0.75      0.86        16
  watermelon       1.00      1.00      1.00        15

    accuracy                           0.99       440
   macro avg       0.99      0.99      0.99       440
weighted avg       0.99      0.99      0.99       440


Decision Tree's Accuracy is :0.9
              precision    recall  f1-score   support

       apple       1.00      1.00      1.00        13
      banana       1.00      1.00      1.00        17
   blackgram       0.59      1.00      0.74        16
    chickpea       1.00      1.00      1.00        21
     coconut       0.91      1.00      0.95        21
      coffee       1.00      1.00      1.00        22
      cotton       1.00      1.00      1.00        20
      grapes       1.00      1.00      1.00        18
        jute       0.74      0.93      0.83        28
 kidneybeans       0.00      0.00      0.00        14
      lentil       0.68      1.00      0.81        23
       maize       1.00      1.00      1.00        21
       mango       1.00      1.00      1.00        26
   mothbeans       0.00      0.00      0.00        19
    mungbean       1.00      1.00      1.00        24
   muskmelon       1.00      1.00      1.00        23
      orange       1.00      1.00      1.00        29
      papaya       1.00      0.84      0.91        19
  pigeonpeas       0.62      1.00      0.77        18
 pomegranate       1.00      1.00      1.00        17
        rice       1.00      0.62      0.77        16
  watermelon       1.00      1.00      1.00        15

    accuracy                           0.90       440
   macro avg       0.84      0.88      0.85       440
weighted avg       0.86      0.90      0.87       440


SVM's Accuracy is :0.9795454545454545
              precision    recall  f1-score   support

       apple       1.00      1.00      1.00        13
      banana       1.00      1.00      1.00        17
   blackgram       1.00      1.00      1.00        16
    chickpea       1.00      1.00      1.00        21
     coconut       1.00      1.00      1.00        21
      coffee       1.00      0.95      0.98        22
      cotton       0.95      1.00      0.98        20
      grapes       1.00      1.00      1.00        18
        jute       0.83      0.89      0.86        28
 kidneybeans       1.00      1.00      1.00        14
      lentil       1.00      1.00      1.00        23
       maize       1.00      0.95      0.98        21
       mango       1.00      1.00      1.00        26
   mothbeans       1.00      1.00      1.00        19
    mungbean       1.00      1.00      1.00        24
   muskmelon       1.00      1.00      1.00        23
      orange       1.00      1.00      1.00        29
      papaya       1.00      1.00      1.00        19
  pigeonpeas       1.00      1.00      1.00        18
 pomegranate       1.00      1.00      1.00        17
        rice       0.80      0.75      0.77        16
  watermelon       1.00      1.00      1.00        15

    accuracy                           0.98       440
   macro avg       0.98      0.98      0.98       440
weighted avg       0.98      0.98      0.98       440


Logistic Regression's Accuracy is :0.9522727272727273
              precision    recall  f1-score   support

       apple       1.00      1.00      1.00        13
      banana       1.00      1.00      1.00        17
   blackgram       0.86      0.75      0.80        16
    chickpea       1.00      1.00      1.00        21
     coconut       1.00      1.00      1.00        21
      coffee       1.00      1.00      1.00        22
      cotton       0.86      0.90      0.88        20
      grapes       1.00      1.00      1.00        18
        jute       0.84      0.93      0.88        28
 kidneybeans       1.00      1.00      1.00        14
      lentil       0.88      1.00      0.94        23
       maize       0.90      0.86      0.88        21
       mango       0.96      1.00      0.98        26
   mothbeans       0.84      0.84      0.84        19
    mungbean       1.00      0.96      0.98        24
   muskmelon       1.00      1.00      1.00        23
      orange       1.00      1.00      1.00        29
      papaya       1.00      0.95      0.97        19
  pigeonpeas       1.00      1.00      1.00        18
 pomegranate       1.00      1.00      1.00        17
        rice       0.85      0.69      0.76        16
  watermelon       1.00      1.00      1.00        15

    accuracy                           0.95       440
   macro avg       0.95      0.95      0.95       440
weighted avg       0.95      0.95      0.95       440


Random Forest Classifier's Accuracy is :0.990909090909091
              precision    recall  f1-score   support

       apple       1.00      1.00      1.00        13
      banana       1.00      1.00      1.00        17
   blackgram       0.94      1.00      0.97        16
    chickpea       1.00      1.00      1.00        21
     coconut       1.00      1.00      1.00        21
      coffee       1.00      1.00      1.00        22
      cotton       1.00      1.00      1.00        20
      grapes       1.00      1.00      1.00        18
        jute       0.90      1.00      0.95        28
 kidneybeans       1.00      1.00      1.00        14
      lentil       1.00      1.00      1.00        23
       maize       1.00      1.00      1.00        21
       mango       1.00      1.00      1.00        26
   mothbeans       1.00      0.95      0.97        19
    mungbean       1.00      1.00      1.00        24
   muskmelon       1.00      1.00      1.00        23
      orange       1.00      1.00      1.00        29
      papaya       1.00      1.00      1.00        19
  pigeonpeas       1.00      1.00      1.00        18
 pomegranate       1.00      1.00      1.00        17
        rice       1.00      0.81      0.90        16
  watermelon       1.00      1.00      1.00        15

    accuracy                           0.99       440
   macro avg       0.99      0.99      0.99       440
weighted avg       0.99      0.99      0.99       440


CROP RECOMMENDATION DONE



Fertilizer Recommendation Started
Decision Tree Accuracy is: 0.85              precision    recall  f1-score   support

    10-26-26       0.00      0.00      0.00         3
    14-35-14       0.40      1.00      0.57         2
    17-17-17       1.00      1.00      1.00         1
       20-20       1.00      1.00      1.00         4
       28-28       1.00      1.00      1.00         3
         DAP       1.00      1.00      1.00         2
        Urea       1.00      1.00      1.00         5

    accuracy                           0.85        20
   macro avg       0.77      0.86      0.80        20
weighted avg       0.79      0.85      0.81        20


Naive Bayes's Accuracy is: 0.85              precision    recall  f1-score   support

    10-26-26       0.00      0.00      0.00         3
    14-35-14       1.00      1.00      1.00         2
    17-17-17       0.25      1.00      0.40         1
       20-20       1.00      1.00      1.00         4
       28-28       1.00      1.00      1.00         3
         DAP       1.00      1.00      1.00         2
        Urea       1.00      1.00      1.00         5

    accuracy                           0.85        20
   macro avg       0.75      0.86      0.77        20
weighted avg       0.81      0.85      0.82        20


SVM Accuracy is: 0.4              precision    recall  f1-score   support

    10-26-26       0.00      0.00      0.00         3
    14-35-14       0.00      0.00      0.00         2
    17-17-17       0.00      0.00      0.00         1
       20-20       0.00      0.00      0.00         4
       28-28       1.00      0.33      0.50         3
         DAP       1.00      1.00      1.00         2
        Urea       0.29      1.00      0.45         5

    accuracy                           0.40        20
   macro avg       0.33      0.33      0.28        20
weighted avg       0.32      0.40      0.29        20


Logistic Regression Accuracy is: 1.0              precision    recall  f1-score   support

    10-26-26       1.00      1.00      1.00         3
    14-35-14       1.00      1.00      1.00         2
    17-17-17       1.00      1.00      1.00         1
       20-20       1.00      1.00      1.00         4
       28-28       1.00      1.00      1.00         3
         DAP       1.00      1.00      1.00         2
        Urea       1.00      1.00      1.00         5

    accuracy                           1.00        20
   macro avg       1.00      1.00      1.00        20
weighted avg       1.00      1.00      1.00        20


Random Forest Classifier Accuracy is: 0.9              precision    recall  f1-score   support

    10-26-26       1.00      0.33      0.50         3
    14-35-14       0.67      1.00      0.80         2
    17-17-17       0.50      1.00      0.67         1
       20-20       1.00      1.00      1.00         4
       28-28       1.00      1.00      1.00         3
         DAP       1.00      1.00      1.00         2
        Urea       1.00      1.00      1.00         5

    accuracy                           0.90        20
   macro avg       0.88      0.90      0.85        20
weighted avg       0.94      0.90      0.89        20


Fertilizer prediction Ended



Fertilizer Recommendation Started
Fertilizer Recommendation Started
Decision Tree Accuracy is: 0.85              precision    recall  f1-score   support

    10-26-26       0.00      0.00      0.00         3
    14-35-14       0.40      1.00      0.57         2
    17-17-17       1.00      1.00      1.00         1
       20-20       1.00      1.00      1.00         4
       28-28       1.00      1.00      1.00         3
         DAP       1.00      1.00      1.00         2
        Urea       1.00      1.00      1.00         5

    accuracy                           0.85        20
   macro avg       0.77      0.86      0.80        20
weighted avg       0.79      0.85      0.81        20


Fertilizer Recommendation Started
Decision Tree Accuracy is: 0.85              precision    recall  f1-score   support

    10-26-26       0.00      0.00      0.00         3
    14-35-14       0.40      1.00      0.57         2
    17-17-17       1.00      1.00      1.00         1
       20-20       1.00      1.00      1.00         4
       28-28       1.00      1.00      1.00         3
         DAP       1.00      1.00      1.00         2
        Urea       1.00      1.00      1.00         5

    accuracy                           0.85        20
   macro avg       0.77      0.86      0.80        20
weighted avg       0.79      0.85      0.81        20


Fertilizer Recommendation Started
Decision Tree Accuracy is: 0.85              precision    recall  f1-score   support

    10-26-26       0.00      0.00      0.00         3
    14-35-14       0.40      1.00      0.57         2
    17-17-17       1.00      1.00      1.00         1
       20-20       1.00      1.00      1.00         4
       28-28       1.00      1.00      1.00         3
         DAP       1.00      1.00      1.00         2
        Urea       1.00      1.00      1.00         5

    accuracy                           0.85        20
   macro avg       0.77      0.86      0.80        20
weighted avg       0.79      0.85      0.81        20


Naive Bayes's Accuracy is: 0.85              precision    recall  f1-score   support

    10-26-26       0.00      0.00      0.00         3
    14-35-14       1.00      1.00      1.00         2
    17-17-17       0.25      1.00      0.40         1
       20-20       1.00      1.00      1.00         4
       28-28       1.00      1.00      1.00         3
         DAP       1.00      1.00      1.00         2
        Urea       1.00      1.00      1.00         5

    accuracy                           0.85        20
   macro avg       0.75      0.86      0.77        20
weighted avg       0.81      0.85      0.82        20


SVM Accuracy is: 0.4              precision    recall  f1-score   support

    10-26-26       0.00      0.00      0.00         3
    14-35-14       0.00      0.00      0.00         2
    17-17-17       0.00      0.00      0.00         1
       20-20       0.00      0.00      0.00         4
       28-28       1.00      0.33      0.50         3
         DAP       1.00      1.00      1.00         2
        Urea       0.29      1.00      0.45         5

    accuracy                           0.40        20
   macro avg       0.33      0.33      0.28        20
weighted avg       0.32      0.40      0.29        20


Logistic Regression Accuracy is: 1.0              precision    recall  f1-score   support

    10-26-26       1.00      1.00      1.00         3
    14-35-14       1.00      1.00      1.00         2
    17-17-17       1.00      1.00      1.00         1
       20-20       1.00      1.00      1.00         4
       28-28       1.00      1.00      1.00         3
         DAP       1.00      1.00      1.00         2
        Urea       1.00      1.00      1.00         5

    accuracy                           1.00        20
   macro avg       1.00      1.00      1.00        20
weighted avg       1.00      1.00      1.00        20


Random Forest Classifier Accuracy is: 0.9              precision    recall  f1-score   support

    10-26-26       1.00      0.33      0.50         3
    14-35-14       0.67      1.00      0.80         2
    17-17-17       0.50      1.00      0.67         1
       20-20       1.00      1.00      1.00         4
       28-28       1.00      1.00      1.00         3
         DAP       1.00      1.00      1.00         2
        Urea       1.00      1.00      1.00         5

    accuracy                           0.90        20
   macro avg       0.88      0.90      0.85        20
weighted avg       0.94      0.90      0.89        20


Fertilizer prediction Ended



