 The training dataset consist of 3870 rows and 44 columnsThe training dataset consits of 1686 rows and 36 columns
The validation dataset consists of 563 rows and 36 columnschi score: (array([ 361.57834194,  587.06266724, 2492.33531097,  328.91388083,
       4189.0008457 , 6680.12927745,  587.76283316,  450.48889293,
       1105.4187273 ,  479.94375014,  216.73469657,  406.34071541,
        313.7759933 ,           nan,  224.05087392,           nan]), array([1.19775503e-012, 7.20038474e-042, 0.00000000e+000, 2.15243314e-009,
       0.00000000e+000, 0.00000000e+000, 5.67535655e-042, 5.15966939e-023,
       1.52719763e-128, 7.89793496e-027, 9.75619884e-002, 1.26116035e-017,
       5.17318555e-008,             nan, 5.09260774e-002,             nan]))Peformance measures on the original data of LGB                          Training  Validation
Root Mean Squared error    441.896     578.742
Mean Squared error      195272.080  334941.829
Mean Absolute error        241.095     255.412
R2 Score                     0.066       0.040The current parameters:{'objective': 'regression', 'metric': 'rmse', 'is_unbalance': 'false', 'boosting': 'gbdt', 'max_depth': 7, 'min_data_in_leaf': 120, 'num_leaves': 127, 'feature_fraction': 0.5, 'min_sum_hessian_in_leaf': 100, 'num_threads': 16, 'bagging_fraction': 0.5, 'bagging_freq': 20, 'learning_rate': 0.0001, 'verbose': -1}Best Number of Rounds:5000Best Score:404.2458339997676Best parameters found: {'subsample': 0.5, 'reg_alpha': 0.1, 'n_estimators': 41, 'max_depth': 8, 'learning_rate': 0.05, 'gamma': 0.1, 'colsample_bytree': 0.7}Best accuracy found:0.5676853130562618 The training dataset consist of 3870 rows and 44 columnsThe training dataset consits of 1686 rows and 36 columns
The validation dataset consists of 563 rows and 36 columnschi score: (array([ 361.57834194,  587.06266724, 2492.33531097,  328.91388083,
       4189.0008457 , 6680.12927745,  587.76283316,  450.48889293,
       1105.4187273 ,  479.94375014,  216.73469657,  406.34071541,
        313.7759933 ,           nan,  224.05087392,           nan]), array([1.19775503e-012, 7.20038474e-042, 0.00000000e+000, 2.15243314e-009,
       0.00000000e+000, 0.00000000e+000, 5.67535655e-042, 5.15966939e-023,
       1.52719763e-128, 7.89793496e-027, 9.75619884e-002, 1.26116035e-017,
       5.17318555e-008,             nan, 5.09260774e-002,             nan]))Peformance measures on the original data of LGB                          Training  Validation
Root Mean Squared error    441.896     578.742
Mean Squared error      195272.080  334941.829
Mean Absolute error        241.095     255.412
R2 Score                     0.066       0.040The current parameters:{'objective': 'regression', 'metric': 'rmse', 'is_unbalance': 'false', 'boosting': 'gbdt', 'max_depth': 7, 'min_data_in_leaf': 120, 'num_leaves': 127, 'feature_fraction': 0.5, 'min_sum_hessian_in_leaf': 100, 'num_threads': 16, 'bagging_fraction': 0.5, 'bagging_freq': 20, 'learning_rate': 0.0001, 'verbose': -1}Best Number of Rounds:5000Best Score:404.2458339997676Best parameters found: {'subsample': 0.5, 'reg_alpha': 0.1, 'n_estimators': 41, 'max_depth': 8, 'learning_rate': 0.05, 'gamma': 0.1, 'colsample_bytree': 0.7}Best accuracy found:0.5676853130562618 The training dataset consist of 3870 rows and 44 columnsThe training dataset consits of 1686 rows and 36 columns
The validation dataset consists of 563 rows and 36 columnschi score: (array([ 361.57834194,  587.06266724, 2492.33531097,  328.91388083,
       4189.0008457 , 6680.12927745,  587.76283316,  450.48889293,
       1105.4187273 ,  479.94375014,  216.73469657,  406.34071541,
        313.7759933 ,           nan,  224.05087392,           nan]), array([1.19775503e-012, 7.20038474e-042, 0.00000000e+000, 2.15243314e-009,
       0.00000000e+000, 0.00000000e+000, 5.67535655e-042, 5.15966939e-023,
       1.52719763e-128, 7.89793496e-027, 9.75619884e-002, 1.26116035e-017,
       5.17318555e-008,             nan, 5.09260774e-002,             nan]))Peformance measures on the original data of LGB                          Training  Validation
Root Mean Squared error    441.896     578.742
Mean Squared error      195272.080  334941.829
Mean Absolute error        241.095     255.412
R2 Score                     0.066       0.040The current parameters:{'objective': 'regression', 'metric': 'rmse', 'is_unbalance': 'false', 'boosting': 'gbdt', 'max_depth': 7, 'min_data_in_leaf': 120, 'num_leaves': 127, 'feature_fraction': 0.5, 'min_sum_hessian_in_leaf': 100, 'num_threads': 16, 'bagging_fraction': 0.5, 'bagging_freq': 20, 'learning_rate': 0.0001, 'verbose': -1}Best Number of Rounds:5000Best Score:404.2458339997676Best parameters found: {'subsample': 0.5, 'reg_alpha': 0.1, 'n_estimators': 41, 'max_depth': 8, 'learning_rate': 0.05, 'gamma': 0.1, 'colsample_bytree': 0.7}Best accuracy found:0.5676853130562618 The training dataset consist of 3870 rows and 44 columnsThe training dataset consits of 1686 rows and 36 columns
The validation dataset consists of 563 rows and 36 columnschi score: (array([ 361.57834194,  587.06266724, 2492.33531097,  328.91388083,
       4189.0008457 , 6680.12927745,  587.76283316,  450.48889293,
       1105.4187273 ,  479.94375014,  216.73469657,  406.34071541,
        313.7759933 ,           nan,  224.05087392,           nan]), array([1.19775503e-012, 7.20038474e-042, 0.00000000e+000, 2.15243314e-009,
       0.00000000e+000, 0.00000000e+000, 5.67535655e-042, 5.15966939e-023,
       1.52719763e-128, 7.89793496e-027, 9.75619884e-002, 1.26116035e-017,
       5.17318555e-008,             nan, 5.09260774e-002,             nan]))Peformance measures on the original data of LGB                          Training  Validation
Root Mean Squared error    441.896     578.742
Mean Squared error      195272.080  334941.829
Mean Absolute error        241.095     255.412
R2 Score                     0.066       0.040The current parameters:{'objective': 'regression', 'metric': 'rmse', 'is_unbalance': 'false', 'boosting': 'gbdt', 'max_depth': 7, 'min_data_in_leaf': 120, 'num_leaves': 127, 'feature_fraction': 0.5, 'min_sum_hessian_in_leaf': 100, 'num_threads': 16, 'bagging_fraction': 0.5, 'bagging_freq': 20, 'learning_rate': 0.0001, 'verbose': -1}Best Number of Rounds:5000Best Score:404.2458339997676Best parameters found: {'subsample': 0.5, 'reg_alpha': 0.1, 'n_estimators': 41, 'max_depth': 8, 'learning_rate': 0.05, 'gamma': 0.1, 'colsample_bytree': 0.7}Best accuracy found:0.5676853130562618ATTRIBUTESSSSSSS : RangeIndex(start=0, stop=31, step=1)